running develop
/usr/lib/python3/dist-packages/setuptools/command/easy_install.py:158: EasyInstallDeprecationWarning: easy_install command is deprecated. Use build and pip and other standards-based tools.
  warnings.warn(
running egg_info
creating py_pubsub.egg-info
writing py_pubsub.egg-info/PKG-INFO
writing dependency_links to py_pubsub.egg-info/dependency_links.txt
writing entry points to py_pubsub.egg-info/entry_points.txt
writing requirements to py_pubsub.egg-info/requires.txt
writing top-level names to py_pubsub.egg-info/top_level.txt
writing manifest file 'py_pubsub.egg-info/SOURCES.txt'
reading manifest file 'py_pubsub.egg-info/SOURCES.txt'
writing manifest file 'py_pubsub.egg-info/SOURCES.txt'
running build_ext
Creating /home/zjy/hw_2/install/py_pubsub/lib/python3.10/site-packages/py-pubsub.egg-link (link to .)
Installing listener script to /home/zjy/hw_2/install/py_pubsub/lib/py_pubsub
Installing talker script to /home/zjy/hw_2/install/py_pubsub/lib/py_pubsub

Installed /home/zjy/hw_2/build/py_pubsub
running symlink_data
creating /home/zjy/hw_2/install/py_pubsub/share/ament_index
creating /home/zjy/hw_2/install/py_pubsub/share/ament_index/resource_index
creating /home/zjy/hw_2/install/py_pubsub/share/ament_index/resource_index/packages
symbolically linking /home/zjy/hw_2/build/py_pubsub/resource/py_pubsub -> /home/zjy/hw_2/install/py_pubsub/share/ament_index/resource_index/packages
symbolically linking /home/zjy/hw_2/build/py_pubsub/package.xml -> /home/zjy/hw_2/install/py_pubsub/share/py_pubsub
