[0.247s] Invoking command in '/home/zjy/hw_2/src/py_pubsub': PYTHONPATH=/home/zjy/hw_2/build/py_pubsub/prefix_override:/usr/lib/python3/dist-packages/colcon_core/task/python/colcon_distutils_commands:/home/zjy/hw_2/install/py_pubsub/lib/python3.10/site-packages:${PYTHONPATH} /usr/bin/python3 -W ignore:setup.py install is deprecated setup.py egg_info --egg-base ../../build/py_pubsub build --build-base /home/zjy/hw_2/build/py_pubsub/build install --record /home/zjy/hw_2/build/py_pubsub/install.log --single-version-externally-managed install_data
[0.345s] running egg_info
[0.346s] writing ../../build/py_pubsub/py_pubsub.egg-info/PKG-INFO
[0.346s] writing dependency_links to ../../build/py_pubsub/py_pubsub.egg-info/dependency_links.txt
[0.346s] writing entry points to ../../build/py_pubsub/py_pubsub.egg-info/entry_points.txt
[0.346s] writing requirements to ../../build/py_pubsub/py_pubsub.egg-info/requires.txt
[0.346s] writing top-level names to ../../build/py_pubsub/py_pubsub.egg-info/top_level.txt
[0.347s] reading manifest file '../../build/py_pubsub/py_pubsub.egg-info/SOURCES.txt'
[0.347s] writing manifest file '../../build/py_pubsub/py_pubsub.egg-info/SOURCES.txt'
[0.347s] running build
[0.347s] running build_py
[0.347s] creating /home/zjy/hw_2/build/py_pubsub/build/lib/py_pubsub
[0.347s] copying py_pubsub/publisher.py -> /home/zjy/hw_2/build/py_pubsub/build/lib/py_pubsub
[0.347s] copying py_pubsub/__init__.py -> /home/zjy/hw_2/build/py_pubsub/build/lib/py_pubsub
[0.347s] copying py_pubsub/listener.py -> /home/zjy/hw_2/build/py_pubsub/build/lib/py_pubsub
[0.347s] running install
[0.347s] running install_lib
[0.347s] creating /home/zjy/hw_2/install/py_pubsub/lib/python3.10/site-packages/py_pubsub
[0.347s] copying /home/zjy/hw_2/build/py_pubsub/build/lib/py_pubsub/publisher.py -> /home/zjy/hw_2/install/py_pubsub/lib/python3.10/site-packages/py_pubsub
[0.348s] copying /home/zjy/hw_2/build/py_pubsub/build/lib/py_pubsub/__init__.py -> /home/zjy/hw_2/install/py_pubsub/lib/python3.10/site-packages/py_pubsub
[0.348s] copying /home/zjy/hw_2/build/py_pubsub/build/lib/py_pubsub/listener.py -> /home/zjy/hw_2/install/py_pubsub/lib/python3.10/site-packages/py_pubsub
[0.348s] byte-compiling /home/zjy/hw_2/install/py_pubsub/lib/python3.10/site-packages/py_pubsub/publisher.py to publisher.cpython-310.pyc
[0.348s] byte-compiling /home/zjy/hw_2/install/py_pubsub/lib/python3.10/site-packages/py_pubsub/__init__.py to __init__.cpython-310.pyc
[0.348s] byte-compiling /home/zjy/hw_2/install/py_pubsub/lib/python3.10/site-packages/py_pubsub/listener.py to listener.cpython-310.pyc
[0.348s] running install_data
[0.348s] running install_egg_info
[0.349s] removing '/home/zjy/hw_2/install/py_pubsub/lib/python3.10/site-packages/py_pubsub-0.0.0-py3.10.egg-info' (and everything under it)
[0.349s] Copying ../../build/py_pubsub/py_pubsub.egg-info to /home/zjy/hw_2/install/py_pubsub/lib/python3.10/site-packages/py_pubsub-0.0.0-py3.10.egg-info
[0.349s] running install_scripts
[0.358s] writing list of installed files to '/home/zjy/hw_2/build/py_pubsub/install.log'
[0.367s] Invoked command in '/home/zjy/hw_2/src/py_pubsub' returned '0': PYTHONPATH=/home/zjy/hw_2/build/py_pubsub/prefix_override:/usr/lib/python3/dist-packages/colcon_core/task/python/colcon_distutils_commands:/home/zjy/hw_2/install/py_pubsub/lib/python3.10/site-packages:${PYTHONPATH} /usr/bin/python3 -W ignore:setup.py install is deprecated setup.py egg_info --egg-base ../../build/py_pubsub build --build-base /home/zjy/hw_2/build/py_pubsub/build install --record /home/zjy/hw_2/build/py_pubsub/install.log --single-version-externally-managed install_data
