running egg_info
writing ../../build/py_pubsub/py_pubsub.egg-info/PKG-INFO
writing dependency_links to ../../build/py_pubsub/py_pubsub.egg-info/dependency_links.txt
writing entry points to ../../build/py_pubsub/py_pubsub.egg-info/entry_points.txt
writing requirements to ../../build/py_pubsub/py_pubsub.egg-info/requires.txt
writing top-level names to ../../build/py_pubsub/py_pubsub.egg-info/top_level.txt
reading manifest file '../../build/py_pubsub/py_pubsub.egg-info/SOURCES.txt'
writing manifest file '../../build/py_pubsub/py_pubsub.egg-info/SOURCES.txt'
running build
running build_py
creating /home/zjy/hw_2/build/py_pubsub/build/lib/publis
copying publis/publisher.py -> /home/zjy/hw_2/build/py_pubsub/build/lib/publis
copying publis/__init__.py -> /home/zjy/hw_2/build/py_pubsub/build/lib/publis
copying publis/listener.py -> /home/zjy/hw_2/build/py_pubsub/build/lib/publis
running install
running install_lib
creating /home/zjy/hw_2/install/py_pubsub/lib/python3.10/site-packages/publis
copying /home/zjy/hw_2/build/py_pubsub/build/lib/publis/publisher.py -> /home/zjy/hw_2/install/py_pubsub/lib/python3.10/site-packages/publis
copying /home/zjy/hw_2/build/py_pubsub/build/lib/publis/__init__.py -> /home/zjy/hw_2/install/py_pubsub/lib/python3.10/site-packages/publis
copying /home/zjy/hw_2/build/py_pubsub/build/lib/publis/listener.py -> /home/zjy/hw_2/install/py_pubsub/lib/python3.10/site-packages/publis
byte-compiling /home/zjy/hw_2/install/py_pubsub/lib/python3.10/site-packages/publis/publisher.py to publisher.cpython-310.pyc
byte-compiling /home/zjy/hw_2/install/py_pubsub/lib/python3.10/site-packages/publis/__init__.py to __init__.cpython-310.pyc
byte-compiling /home/zjy/hw_2/install/py_pubsub/lib/python3.10/site-packages/publis/listener.py to listener.cpython-310.pyc
running install_data
running install_egg_info
removing '/home/zjy/hw_2/install/py_pubsub/lib/python3.10/site-packages/py_pubsub-0.0.0-py3.10.egg-info' (and everything under it)
Copying ../../build/py_pubsub/py_pubsub.egg-info to /home/zjy/hw_2/install/py_pubsub/lib/python3.10/site-packages/py_pubsub-0.0.0-py3.10.egg-info
running install_scripts
Installing listener script to /home/zjy/hw_2/install/py_pubsub/lib/py_pubsub
Installing publisher script to /home/zjy/hw_2/install/py_pubsub/lib/py_pubsub
writing list of installed files to '/home/zjy/hw_2/build/py_pubsub/install.log'
