running egg_info
creating ../../build/py_pubsub/py_pubsub.egg-info
writing ../../build/py_pubsub/py_pubsub.egg-info/PKG-INFO
writing dependency_links to ../../build/py_pubsub/py_pubsub.egg-info/dependency_links.txt
writing entry points to ../../build/py_pubsub/py_pubsub.egg-info/entry_points.txt
writing requirements to ../../build/py_pubsub/py_pubsub.egg-info/requires.txt
writing top-level names to ../../build/py_pubsub/py_pubsub.egg-info/top_level.txt
writing manifest file '../../build/py_pubsub/py_pubsub.egg-info/SOURCES.txt'
reading manifest file '../../build/py_pubsub/py_pubsub.egg-info/SOURCES.txt'
writing manifest file '../../build/py_pubsub/py_pubsub.egg-info/SOURCES.txt'
running build
running build_py
creating /home/zjy/桌面/hw_2/build/py_pubsub/build
creating /home/zjy/桌面/hw_2/build/py_pubsub/build/lib
creating /home/zjy/桌面/hw_2/build/py_pubsub/build/lib/py_publis
copying py_publis/__init__.py -> /home/zjy/桌面/hw_2/build/py_pubsub/build/lib/py_publis
running install
running install_lib
creating /home/zjy/桌面/hw_2/install/py_pubsub/lib/python3.10/site-packages/py_publis
copying /home/zjy/桌面/hw_2/build/py_pubsub/build/lib/py_publis/__init__.py -> /home/zjy/桌面/hw_2/install/py_pubsub/lib/python3.10/site-packages/py_publis
byte-compiling /home/zjy/桌面/hw_2/install/py_pubsub/lib/python3.10/site-packages/py_publis/__init__.py to __init__.cpython-310.pyc
running install_data
creating /home/zjy/桌面/hw_2/install/py_pubsub/share/ament_index
creating /home/zjy/桌面/hw_2/install/py_pubsub/share/ament_index/resource_index
creating /home/zjy/桌面/hw_2/install/py_pubsub/share/ament_index/resource_index/packages
copying resource/py_pubsub -> /home/zjy/桌面/hw_2/install/py_pubsub/share/ament_index/resource_index/packages
copying package.xml -> /home/zjy/桌面/hw_2/install/py_pubsub/share/py_pubsub
running install_egg_info
Copying ../../build/py_pubsub/py_pubsub.egg-info to /home/zjy/桌面/hw_2/install/py_pubsub/lib/python3.10/site-packages/py_pubsub-0.0.0-py3.10.egg-info
running install_scripts
writing list of installed files to '/home/zjy/桌面/hw_2/build/py_pubsub/install.log'
